# JRE version: Java(TM) SE Runtime Environment 18.9 (11.0.12+8) (build 11.0.12+8-LTS-237)
# Java VM: Java HotSpot(TM) 64-Bit Server VM 18.9 (11.0.12+8-LTS-237, mixed mode, tiered, compressed oops, g1 gc, windows-amd64)
Heap:
 garbage-first heap   total 384000K, used 215018K [0x0000000700c00000, 0x0000000800000000)
  region size 1024K, 96 young (98304K), 1 survivors (1024K)
 Metaspace       used 37940K, capacity 38975K, committed 39296K, reserved 1083392K
  class space    used 3838K, capacity 4359K, committed 4480K, reserved 1048576K
GC Heap History (10 events):
Event: 5.408 GC heap before
{Heap before GC invocations=28 (full 0):
 garbage-first heap   total 317440K, used 315984K [0x0000000700c00000, 0x0000000800000000)
  region size 1024K, 63 young (64512K), 2 survivors (2048K)
 Metaspace       used 36634K, capacity 37622K, committed 37888K, reserved 1083392K
  class space    used 3798K, capacity 4270K, committed 4352K, reserved 1048576K
}
Event: 5.409 GC heap after
{Heap after GC invocations=29 (full 0):
 garbage-first heap   total 319488K, used 218721K [0x0000000700c00000, 0x0000000800000000)
  region size 1024K, 1 young (1024K), 1 survivors (1024K)
 Metaspace       used 36634K, capacity 37622K, committed 37888K, reserved 1083392K
  class space    used 3798K, capacity 4270K, committed 4352K, reserved 1048576K
}
Event: 5.446 GC heap before
{Heap before GC invocations=29 (full 0):
 garbage-first heap   total 319488K, used 278113K [0x0000000700c00000, 0x0000000800000000)
  region size 1024K, 59 young (60416K), 1 survivors (1024K)
 Metaspace       used 36634K, capacity 37622K, committed 37888K, reserved 1083392K
  class space    used 3798K, capacity 4270K, committed 4352K, reserved 1048576K
}
Event: 5.449 GC heap after
{Heap after GC invocations=30 (full 0):
 garbage-first heap   total 384000K, used 218702K [0x0000000700c00000, 0x0000000800000000)
  region size 1024K, 1 young (1024K), 1 survivors (1024K)
 Metaspace       used 36634K, capacity 37622K, committed 37888K, reserved 1083392K
  class space    used 3798K, capacity 4270K, committed 4352K, reserved 1048576K
}
Event: 5.475 GC heap before
{Heap before GC invocations=31 (full 0):
 garbage-first heap   total 384000K, used 227918K [0x0000000700c00000, 0x0000000800000000)
  region size 1024K, 11 young (11264K), 1 survivors (1024K)
 Metaspace       used 36634K, capacity 37622K, committed 37888K, reserved 1083392K
  class space    used 3798K, capacity 4270K, committed 4352K, reserved 1048576K
}
Event: 5.478 GC heap after
{Heap after GC invocations=32 (full 0):
 garbage-first heap   total 384000K, used 218717K [0x0000000700c00000, 0x0000000800000000)
  region size 1024K, 1 young (1024K), 1 survivors (1024K)
 Metaspace       used 36634K, capacity 37622K, committed 37888K, reserved 1083392K
  class space    used 3798K, capacity 4270K, committed 4352K, reserved 1048576K
}
Event: 5.697 GC heap before
{Heap before GC invocations=33 (full 0):
 garbage-first heap   total 384000K, used 365149K [0x0000000700c00000, 0x0000000800000000)
  region size 1024K, 93 young (95232K), 1 survivors (1024K)
 Metaspace       used 36634K, capacity 37622K, committed 37888K, reserved 1083392K
  class space    used 3798K, capacity 4270K, committed 4352K, reserved 1048576K
}
Event: 5.698 GC heap after
{Heap after GC invocations=34 (full 0):
 garbage-first heap   total 384000K, used 236126K [0x0000000700c00000, 0x0000000800000000)
  region size 1024K, 1 young (1024K), 1 survivors (1024K)
 Metaspace       used 36634K, capacity 37622K, committed 37888K, reserved 1083392K
  class space    used 3798K, capacity 4270K, committed 4352K, reserved 1048576K
}
Event: 20.414 GC heap before
{Heap before GC invocations=34 (full 0):
 garbage-first heap   total 384000K, used 323166K [0x0000000700c00000, 0x0000000800000000)
  region size 1024K, 86 young (88064K), 1 survivors (1024K)
 Metaspace       used 37897K, capacity 38975K, committed 39296K, reserved 1083392K
  class space    used 3837K, capacity 4359K, committed 4480K, reserved 1048576K
}
Event: 20.416 GC heap after
{Heap after GC invocations=35 (full 0):
 garbage-first heap   total 384000K, used 132074K [0x0000000700c00000, 0x0000000800000000)
  region size 1024K, 1 young (1024K), 1 survivors (1024K)
 Metaspace       used 37897K, capacity 38975K, committed 39296K, reserved 1083392K
  class space    used 3837K, capacity 4359K, committed 4480K, reserved 1048576K
}

